Parameter Type Fixes - 2025-05-01T08:29:56.279Z

[2025-05-01T08:29:56.279Z] Starting parameter type fixes...
[2025-05-01T08:29:56.313Z] Processing app\lib\services\wholesale-service.ts...
[2025-05-01T08:29:56.314Z] Fixed listApplications in app\lib\services\wholesale-service.ts
[2025-05-01T08:29:56.314Z] Fixed getApplicationById in app\lib\services\wholesale-service.ts
[2025-05-01T08:29:56.315Z] Fixed rejectApplication in app\lib\services\wholesale-service.ts
[2025-05-01T08:29:56.316Z] Updated 3 methods in app\lib\services\wholesale-service.ts
[2025-05-01T08:29:56.318Z] Processing app\lib\services\user-service.ts...
[2025-05-01T08:29:56.320Z] No methods to fix in app\lib\services\user-service.ts
[2025-05-01T08:29:56.326Z] Processing app\lib\services\task-service.ts...
[2025-05-01T08:29:56.329Z] Fixed listTasks in app\lib\services\task-service.ts
[2025-05-01T08:29:56.331Z] Fixed updateTaskStatus in app\lib\services\task-service.ts
[2025-05-01T08:29:56.335Z] Updated 2 methods in app\lib\services\task-service.ts
[2025-05-01T08:29:56.336Z] Processing app\lib\services\product-service.ts...
[2025-05-01T08:29:56.340Z] No methods to fix in app\lib\services\product-service.ts
[2025-05-01T08:29:56.344Z] Processing app\lib\services\order-service.ts...
[2025-05-01T08:29:56.345Z] No methods to fix in app\lib\services\order-service.ts
[2025-05-01T08:29:56.345Z] Processing app\lib\services\inventory-service.ts...
[2025-05-01T08:29:56.346Z] Fixed getProductInventory in app\lib\services\inventory-service.ts
[2025-05-01T08:29:56.348Z] Fixed getVariationInventory in app\lib\services\inventory-service.ts
[2025-05-01T08:29:56.351Z] Fixed getLocationInventory in app\lib\services\inventory-service.ts
[2025-05-01T08:29:56.353Z] Updated 3 methods in app\lib\services\inventory-service.ts
[2025-05-01T08:29:56.356Z] Processing app\lib\services\discount-service.ts...
[2025-05-01T08:29:56.358Z] No methods to fix in app\lib\services\discount-service.ts
[2025-05-01T08:29:56.362Z] Processing app\lib\services\commission-service.ts...
[2025-05-01T08:29:56.369Z] Fixed getUserCommissions in app\lib\services\commission-service.ts
[2025-05-01T08:29:56.371Z] Updated 1 methods in app\lib\services\commission-service.ts
[2025-05-01T08:29:56.371Z] Processing app\lib\services\cart-service.ts...
[2025-05-01T08:29:56.376Z] No methods to fix in app\lib\services\cart-service.ts
[2025-05-01T08:29:56.376Z] Processing app\lib\services\analytics-service.ts...
[2025-05-01T08:29:56.377Z] No methods to fix in app\lib\services\analytics-service.ts
[2025-05-01T08:29:56.377Z] 
Total methods fixed: 9
