TypeScript Fixes - 2025-05-01T08:29:54.306Z

[2025-05-01T08:29:54.306Z] Starting TypeScript fixes...
[2025-05-01T08:29:54.325Z] Processing app\lib\db.ts...
[2025-05-01T08:29:54.327Z] Fixed issues in app\lib\db.ts
[2025-05-01T08:29:54.328Z] Processing app\lib\query.ts...
[2025-05-01T08:29:54.329Z] Fixed issues in app\lib\query.ts
[2025-05-01T08:29:54.330Z] Processing app\lib\services\wholesale-service.ts...
[2025-05-01T08:29:54.330Z] No issues found in app\lib\services\wholesale-service.ts
[2025-05-01T08:29:54.330Z] Processing app\lib\services\user-service.ts...
[2025-05-01T08:29:54.331Z] No issues found in app\lib\services\user-service.ts
[2025-05-01T08:29:54.332Z] Processing app\lib\services\task-service.ts...
[2025-05-01T08:29:54.333Z] No issues found in app\lib\services\task-service.ts
[2025-05-01T08:29:54.333Z] Processing app\lib\services\product-service.ts...
[2025-05-01T08:29:54.335Z] Fixed issues in app\lib\services\product-service.ts
[2025-05-01T08:29:54.335Z] Processing app\lib\services\order-service.ts...
[2025-05-01T08:29:54.336Z] No issues found in app\lib\services\order-service.ts
[2025-05-01T08:29:54.336Z] Processing app\lib\services\inventory-service.ts...
[2025-05-01T08:29:54.338Z] Fixed issues in app\lib\services\inventory-service.ts
[2025-05-01T08:29:54.338Z] Processing app\lib\services\discount-service.ts...
[2025-05-01T08:29:54.340Z] No issues found in app\lib\services\discount-service.ts
[2025-05-01T08:29:54.340Z] Processing app\lib\services\commission-service.ts...
[2025-05-01T08:29:54.341Z] No issues found in app\lib\services\commission-service.ts
[2025-05-01T08:29:54.342Z] Processing app\lib\services\cart-service.ts...
[2025-05-01T08:29:54.343Z] No issues found in app\lib\services\cart-service.ts
[2025-05-01T08:29:54.343Z] Processing app\lib\services\analytics-service.ts...
[2025-05-01T08:29:54.344Z] Fixed issues in app\lib\services\analytics-service.ts
[2025-05-01T08:29:54.344Z] Processing app\store\slices\uiStore.ts...
[2025-05-01T08:29:54.346Z] No issues found in app\store\slices\uiStore.ts
[2025-05-01T08:29:54.347Z] Processing app\store\slices\productStore.ts...
[2025-05-01T08:29:54.347Z] No issues found in app\store\slices\productStore.ts
[2025-05-01T08:29:54.348Z] Processing app\store\slices\cartStore.ts...
[2025-05-01T08:29:54.348Z] No issues found in app\store\slices\cartStore.ts
[2025-05-01T08:29:54.349Z] Processing app\store\slices\authStore.ts...
[2025-05-01T08:29:54.351Z] Fixed issues in app\store\slices\authStore.ts
[2025-05-01T08:29:54.352Z] Processing app\api\upload-fulfillment\route.ts...
[2025-05-01T08:29:54.354Z] Fixed issues in app\api\upload-fulfillment\route.ts
[2025-05-01T08:29:54.358Z] Processing app\api\upload\route.ts...
[2025-05-01T08:29:54.360Z] No issues found in app\api\upload\route.ts
[2025-05-01T08:29:54.360Z] Processing app\api\products\route.ts...
[2025-05-01T08:29:54.361Z] No issues found in app\api\products\route.ts
[2025-05-01T08:29:54.362Z] Processing app\api\orders\route.ts...
[2025-05-01T08:29:54.364Z] Fixed issues in app\api\orders\route.ts
[2025-05-01T08:29:54.365Z] Processing app\api\health\route.ts...
[2025-05-01T08:29:54.367Z] Fixed issues in app\api\health\route.ts
[2025-05-01T08:29:54.372Z] Processing app\api\contact\route.ts...
[2025-05-01T08:29:54.374Z] No issues found in app\api\contact\route.ts
[2025-05-01T08:29:54.375Z] Processing app\api\cart\route.ts...
[2025-05-01T08:29:54.377Z] Fixed issues in app\api\cart\route.ts
[2025-05-01T08:29:54.377Z] Processing app\api\csrf\route.ts...
[2025-05-01T08:29:54.378Z] No issues found in app\api\csrf\route.ts
[2025-05-01T08:29:54.378Z] Processing app\api\checkout\route.ts...
[2025-05-01T08:29:54.379Z] No issues found in app\api\checkout\route.ts
[2025-05-01T08:29:54.379Z] Processing app\api\analytics\route.ts...
[2025-05-01T08:29:54.380Z] No issues found in app\api\analytics\route.ts
[2025-05-01T08:29:54.380Z] Processing app\api\wholesale\apply\route.ts...
[2025-05-01T08:29:54.381Z] No issues found in app\api\wholesale\apply\route.ts
[2025-05-01T08:29:54.382Z] Processing app\api\users\me\route.ts...
[2025-05-01T08:29:54.387Z] Fixed issues in app\api\users\me\route.ts
[2025-05-01T08:29:54.388Z] Processing app\api\tasks\[taskId]\route.ts...
[2025-05-01T08:29:54.389Z] No issues found in app\api\tasks\[taskId]\route.ts
[2025-05-01T08:29:54.389Z] Processing app\api\products\[productId]\route.ts...
[2025-05-01T08:29:54.390Z] No issues found in app\api\products\[productId]\route.ts
[2025-05-01T08:29:54.390Z] Processing app\api\referrals\validate\route.ts...
[2025-05-01T08:29:54.390Z] No issues found in app\api\referrals\validate\route.ts
[2025-05-01T08:29:54.391Z] Processing app\api\payments\create-payment-intent\route.ts...
[2025-05-01T08:29:54.392Z] Fixed issues in app\api\payments\create-payment-intent\route.ts
[2025-05-01T08:29:54.392Z] Processing app\api\payments\manual\route.ts...
[2025-05-01T08:29:54.394Z] Fixed issues in app\api\payments\manual\route.ts
[2025-05-01T08:29:54.395Z] Processing app\api\orders\me\route.ts...
[2025-05-01T08:29:54.396Z] Fixed issues in app\api\orders\me\route.ts
[2025-05-01T08:29:54.397Z] Processing app\api\distributor\orders\route.ts...
[2025-05-01T08:29:54.399Z] Fixed issues in app\api\distributor\orders\route.ts
[2025-05-01T08:29:54.403Z] Processing app\api\discount\validate\route.ts...
[2025-05-01T08:29:54.404Z] No issues found in app\api\discount\validate\route.ts
[2025-05-01T08:29:54.404Z] Processing app\api\discount\apply\route.ts...
[2025-05-01T08:29:54.405Z] No issues found in app\api\discount\apply\route.ts
[2025-05-01T08:29:54.406Z] Processing app\api\cart\[cartItemId]\route.ts...
[2025-05-01T08:29:54.407Z] Fixed issues in app\api\cart\[cartItemId]\route.ts
[2025-05-01T08:29:54.408Z] Processing app\api\cart\validate\route.ts...
[2025-05-01T08:29:54.410Z] Fixed issues in app\api\cart\validate\route.ts
[2025-05-01T08:29:54.413Z] Processing app\api\auth\verify\route.ts...
[2025-05-01T08:29:54.415Z] No issues found in app\api\auth\verify\route.ts
[2025-05-01T08:29:54.419Z] Processing app\api\auth\register\route.ts...
[2025-05-01T08:29:54.424Z] No issues found in app\api\auth\register\route.ts
[2025-05-01T08:29:54.425Z] Processing app\api\auth\refresh\route.ts...
[2025-05-01T08:29:54.426Z] No issues found in app\api\auth\refresh\route.ts
[2025-05-01T08:29:54.427Z] Processing app\api\auth\logout\route.ts...
[2025-05-01T08:29:54.427Z] No issues found in app\api\auth\logout\route.ts
[2025-05-01T08:29:54.427Z] Processing app\api\auth\login\route.ts...
[2025-05-01T08:29:54.428Z] No issues found in app\api\auth\login\route.ts
[2025-05-01T08:29:54.428Z] Processing app\api\admin\users\route.ts...
[2025-05-01T08:29:54.429Z] No issues found in app\api\admin\users\route.ts
[2025-05-01T08:29:54.429Z] Processing app\api\admin\tasks\route.ts...
[2025-05-01T08:29:54.430Z] Fixed issues in app\api\admin\tasks\route.ts
[2025-05-01T08:29:54.430Z] Processing app\api\admin\products\route.ts...
[2025-05-01T08:29:54.433Z] Fixed issues in app\api\admin\products\route.ts
[2025-05-01T08:29:54.433Z] Processing app\api\admin\orders\route.ts...
[2025-05-01T08:29:54.435Z] No issues found in app\api\admin\orders\route.ts
[2025-05-01T08:29:54.436Z] Processing app\api\admin\logs\route.ts...
[2025-05-01T08:29:54.437Z] No issues found in app\api\admin\logs\route.ts
[2025-05-01T08:29:54.437Z] Processing app\api\admin\inventory\route.ts...
[2025-05-01T08:29:54.439Z] Fixed issues in app\api\admin\inventory\route.ts
[2025-05-01T08:29:54.440Z] Processing app\api\admin\discount-codes\route.ts...
[2025-05-01T08:29:54.440Z] No issues found in app\api\admin\discount-codes\route.ts
[2025-05-01T08:29:54.440Z] Processing app\api\admin\commissions\route.ts...
[2025-05-01T08:29:54.441Z] No issues found in app\api\admin\commissions\route.ts
[2025-05-01T08:29:54.441Z] Processing app\api\users\me\tasks\route.ts...
[2025-05-01T08:29:54.442Z] No issues found in app\api\users\me\tasks\route.ts
[2025-05-01T08:29:54.442Z] Processing app\api\users\me\referrals\route.ts...
[2025-05-01T08:29:54.442Z] No issues found in app\api\users\me\referrals\route.ts
[2025-05-01T08:29:54.442Z] Processing app\api\users\me\referral-link\route.ts...
[2025-05-01T08:29:54.443Z] Fixed issues in app\api\users\me\referral-link\route.ts
[2025-05-01T08:29:54.443Z] Processing app\api\users\me\commissions\route.ts...
[2025-05-01T08:29:54.444Z] No issues found in app\api\users\me\commissions\route.ts
[2025-05-01T08:29:54.444Z] Processing app\api\tasks\[taskId]\complete\route.ts...
[2025-05-01T08:29:54.445Z] No issues found in app\api\tasks\[taskId]\complete\route.ts
[2025-05-01T08:29:54.445Z] Processing app\api\products\[productId]\related\route.ts...
[2025-05-01T08:29:54.446Z] No issues found in app\api\products\[productId]\related\route.ts
[2025-05-01T08:29:54.446Z] Processing app\api\payments\manual\etransfer-confirm\route.ts...
[2025-05-01T08:29:54.447Z] Fixed issues in app\api\payments\manual\etransfer-confirm\route.ts
[2025-05-01T08:29:54.448Z] Processing app\api\payments\manual\btc-confirm\route.ts...
[2025-05-01T08:29:54.449Z] Fixed issues in app\api\payments\manual\btc-confirm\route.ts
[2025-05-01T08:29:54.451Z] Processing app\api\orders\[orderId]\calculate-commission\route.ts...
[2025-05-01T08:29:54.455Z] Fixed issues in app\api\orders\[orderId]\calculate-commission\route.ts
[2025-05-01T08:29:54.455Z] Processing app\api\distributor\orders\[orderId]\route.ts...
[2025-05-01T08:29:54.456Z] No issues found in app\api\distributor\orders\[orderId]\route.ts
[2025-05-01T08:29:54.456Z] Processing app\api\orders\me\[orderId]\route.ts...
[2025-05-01T08:29:54.458Z] Fixed issues in app\api\orders\me\[orderId]\route.ts
[2025-05-01T08:29:54.458Z] Processing app\api\admin\wholesale\applications\route.ts...
[2025-05-01T08:29:54.459Z] No issues found in app\api\admin\wholesale\applications\route.ts
[2025-05-01T08:29:54.459Z] Processing app\api\admin\users\[userId]\route.ts...
[2025-05-01T08:29:54.461Z] No issues found in app\api\admin\users\[userId]\route.ts
[2025-05-01T08:29:54.461Z] Processing app\api\admin\tasks\pending\route.ts...
[2025-05-01T08:29:54.462Z] No issues found in app\api\admin\tasks\pending\route.ts
[2025-05-01T08:29:54.463Z] Processing app\api\admin\products\[productId]\route.ts...
[2025-05-01T08:29:54.464Z] Fixed issues in app\api\admin\products\[productId]\route.ts
[2025-05-01T08:29:54.464Z] Processing app\api\admin\orders\[orderId]\route.ts...
[2025-05-01T08:29:54.465Z] No issues found in app\api\admin\orders\[orderId]\route.ts
[2025-05-01T08:29:54.465Z] Processing app\api\admin\inventory\[inventoryId]\route.ts...
[2025-05-01T08:29:54.469Z] Fixed issues in app\api\admin\inventory\[inventoryId]\route.ts
[2025-05-01T08:29:54.470Z] Processing app\api\admin\discount-codes\[id]\route.ts...
[2025-05-01T08:29:54.472Z] No issues found in app\api\admin\discount-codes\[id]\route.ts
[2025-05-01T08:29:54.472Z] Processing app\api\admin\inventory\transfer\route.ts...
[2025-05-01T08:29:54.473Z] No issues found in app\api\admin\inventory\transfer\route.ts
[2025-05-01T08:29:54.473Z] Processing app\api\admin\commissions\pending\route.ts...
[2025-05-01T08:29:54.474Z] Fixed issues in app\api\admin\commissions\pending\route.ts
[2025-05-01T08:29:54.475Z] Processing app\api\admin\commissions\payout\route.ts...
[2025-05-01T08:29:54.475Z] No issues found in app\api\admin\commissions\payout\route.ts
[2025-05-01T08:29:54.475Z] Processing app\api\distributor\orders\[orderId]\fulfill\route.ts...
[2025-05-01T08:29:54.476Z] No issues found in app\api\distributor\orders\[orderId]\fulfill\route.ts
[2025-05-01T08:29:54.476Z] Processing app\api\admin\wholesale\applications\[applicationId]\route.ts...
[2025-05-01T08:29:54.476Z] No issues found in app\api\admin\wholesale\applications\[applicationId]\route.ts
[2025-05-01T08:29:54.476Z] Processing app\api\admin\users\[userId]\suspend\route.ts...
[2025-05-01T08:29:54.477Z] No issues found in app\api\admin\users\[userId]\suspend\route.ts
[2025-05-01T08:29:54.477Z] Processing app\api\admin\users\[userId]\activate\route.ts...
[2025-05-01T08:29:54.478Z] No issues found in app\api\admin\users\[userId]\activate\route.ts
[2025-05-01T08:29:54.478Z] Processing app\api\admin\products\[productId]\variations\route.ts...
[2025-05-01T08:29:54.480Z] Fixed issues in app\api\admin\products\[productId]\variations\route.ts
[2025-05-01T08:29:54.481Z] Processing app\api\admin\products\variations\[variationId]\route.ts...
[2025-05-01T08:29:54.492Z] Fixed issues in app\api\admin\products\variations\[variationId]\route.ts
[2025-05-01T08:29:54.496Z] Processing app\api\admin\orders\[orderId]\verify-fulfillment\route.ts...
[2025-05-01T08:29:54.497Z] No issues found in app\api\admin\orders\[orderId]\verify-fulfillment\route.ts
[2025-05-01T08:29:54.506Z] Processing app\api\admin\orders\[orderId]\status\route.ts...
[2025-05-01T08:29:54.510Z] No issues found in app\api\admin\orders\[orderId]\status\route.ts
[2025-05-01T08:29:54.511Z] Processing app\api\admin\orders\[orderId]\ship\route.ts...
[2025-05-01T08:29:54.513Z] Fixed issues in app\api\admin\orders\[orderId]\ship\route.ts
[2025-05-01T08:29:54.524Z] Processing app\api\admin\orders\[orderId]\assign-distributor\route.ts...
[2025-05-01T08:29:54.525Z] No issues found in app\api\admin\orders\[orderId]\assign-distributor\route.ts
[2025-05-01T08:29:54.525Z] Processing app\api\admin\orders\[orderId]\approve\route.ts...
[2025-05-01T08:29:54.526Z] No issues found in app\api\admin\orders\[orderId]\approve\route.ts
[2025-05-01T08:29:54.526Z] Processing app\api\admin\inventory\by-product\[productId]\route.ts...
[2025-05-01T08:29:54.528Z] Fixed issues in app\api\admin\inventory\by-product\[productId]\route.ts
[2025-05-01T08:29:54.528Z] Processing app\api\admin\inventory\item\[inventoryId]\route.ts...
[2025-05-01T08:29:54.529Z] No issues found in app\api\admin\inventory\item\[inventoryId]\route.ts
[2025-05-01T08:29:54.530Z] 
Fix Summary:
[2025-05-01T08:29:54.530Z] - Added imports: 1
[2025-05-01T08:29:54.530Z] - Fixed getRows usages: 18
[2025-05-01T08:29:54.530Z] - Fixed recursive error messages: 35
[2025-05-01T08:29:54.531Z] - Fixed type conversions: 40
[2025-05-01T08:29:54.531Z] - Total files touched: 32
[2025-05-01T08:29:54.531Z] - Files with errors: 0
